<?xml version="1.0" encoding="UTF-8"?>
<testsuite xmlns:xsi="http://www.w3.org/2001/XMLSchema-instance" xsi:noNamespaceSchemaLocation="https://maven.apache.org/surefire/maven-surefire-plugin/xsd/surefire-test-report-3.0.xsd" version="3.0" name="net.alwaysdata.demo.runner.RunCucumberTest" time="26.824" tests="14" errors="0" skipped="0" failures="0">
  <properties>
[...]
</properties>
  <testcase name="Example #1.1" classname="Login test matrix" time="3.541">
    <system-out><![CDATA[
Scenario Outline: Login with different credential sets                            &amp#27;[90m# features/login.feature:11&amp#27;[0m
  &amp#27;[32mGiven &amp#27;[0m&amp#27;[32mthe user is on the login page&amp#27;[0m                                             &amp#27;[90m# net.alwaysdata.demo.steps.LoginSteps.theUserIsOnLoginPage()&amp#27;[0m
  &amp#27;[32mWhen &amp#27;[0m&amp#27;[32mthe user logs in with &amp#27;[0m&amp#27;[32m&amp#27;[1m"senem.turkaydin@ue-germany.de"&amp#27;[0m&amp#27;[32m and &amp#27;[0m&amp#27;[32m&amp#27;[1m"STur_2025pass!"&amp#27;[0m &amp#27;[90m# net.alwaysdata.demo.steps.LoginSteps.theUserLogsIn(java.lang.String,java.lang.String)&amp#27;[0m
  &amp#27;[32mThen &amp#27;[0m&amp#27;[32mthe login should be &amp#27;[0m&amp#27;[32m&amp#27;[1m"success"&amp#27;[0m                                              &amp#27;[90m# net.alwaysdata.demo.steps.LoginSteps.loginShouldBe(java.lang.String)&amp#27;[0m
]]></system-out>
    <system-err><![CDATA[SLF4J(W): No SLF4J providers were found.
SLF4J(W): Defaulting to no-operation (NOP) logger implementation
SLF4J(W): See https://www.slf4j.org/codes.html#noProviders for further details.
Tem 10, 2025 7:11:00 ÖÖ org.openqa.selenium.devtools.CdpVersionFinder findNearestMatch
WARNING: Unable to find CDP implementation matching 138
Tem 10, 2025 7:11:00 ÖÖ org.openqa.selenium.chromium.ChromiumDriver lambda$new$5
WARNING: Unable to find version of CDP to use for 138.0.7204.93. You may need to include a dependency on a specific version of the CDP using something similar to `org.seleniumhq.selenium:selenium-devtools-v86:4.22.0` where the version ("v86") matches the version of the chromium-based browser you're using and the version number of the artifact is the same as Selenium's.
]]></system-err>
  </testcase>
  <testcase name="Example #1.2" classname="Login test matrix" time="1.925">
    <system-out><![CDATA[
Scenario Outline: Login with different credential sets                       &amp#27;[90m# features/login.feature:12&amp#27;[0m
  &amp#27;[32mGiven &amp#27;[0m&amp#27;[32mthe user is on the login page&amp#27;[0m                                        &amp#27;[90m# net.alwaysdata.demo.steps.LoginSteps.theUserIsOnLoginPage()&amp#27;[0m
  &amp#27;[32mWhen &amp#27;[0m&amp#27;[32mthe user logs in with &amp#27;[0m&amp#27;[32m&amp#27;[1m"senem.turkaydin@ue-germany.de"&amp#27;[0m&amp#27;[32m and &amp#27;[0m&amp#27;[32m&amp#27;[1m"wrongpass"&amp#27;[0m &amp#27;[90m# net.alwaysdata.demo.steps.LoginSteps.theUserLogsIn(java.lang.String,java.lang.String)&amp#27;[0m
  &amp#27;[32mThen &amp#27;[0m&amp#27;[32mthe login should be &amp#27;[0m&amp#27;[32m&amp#27;[1m"fail"&amp#27;[0m                                            &amp#27;[90m# net.alwaysdata.demo.steps.LoginSteps.loginShouldBe(java.lang.String)&amp#27;[0m
]]></system-out>
    <system-err><![CDATA[Tem 10, 2025 7:11:03 ÖÖ org.openqa.selenium.devtools.CdpVersionFinder findNearestMatch
WARNING: Unable to find CDP implementation matching 138
Tem 10, 2025 7:11:03 ÖÖ org.openqa.selenium.chromium.ChromiumDriver lambda$new$5
WARNING: Unable to find version of CDP to use for 138.0.7204.93. You may need to include a dependency on a specific version of the CDP using something similar to `org.seleniumhq.selenium:selenium-devtools-v86:4.22.0` where the version ("v86") matches the version of the chromium-based browser you're using and the version number of the artifact is the same as Selenium's.
]]></system-err>
  </testcase>
  <testcase name="Example #1.3" classname="Login test matrix" time="1.706">
    <system-out><![CDATA[
Scenario Outline: Login with different credential sets              &amp#27;[90m# features/login.feature:13&amp#27;[0m
  &amp#27;[32mGiven &amp#27;[0m&amp#27;[32mthe user is on the login page&amp#27;[0m                               &amp#27;[90m# net.alwaysdata.demo.steps.LoginSteps.theUserIsOnLoginPage()&amp#27;[0m
  &amp#27;[32mWhen &amp#27;[0m&amp#27;[32mthe user logs in with &amp#27;[0m&amp#27;[32m&amp#27;[1m"wrong@gmail.com"&amp#27;[0m&amp#27;[32m and &amp#27;[0m&amp#27;[32m&amp#27;[1m"STur_2025pass!"&amp#27;[0m &amp#27;[90m# net.alwaysdata.demo.steps.LoginSteps.theUserLogsIn(java.lang.String,java.lang.String)&amp#27;[0m
  &amp#27;[32mThen &amp#27;[0m&amp#27;[32mthe login should be &amp#27;[0m&amp#27;[32m&amp#27;[1m"fail"&amp#27;[0m                                   &amp#27;[90m# net.alwaysdata.demo.steps.LoginSteps.loginShouldBe(java.lang.String)&amp#27;[0m
]]></system-out>
    <system-err><![CDATA[Tem 10, 2025 7:11:04 ÖÖ org.openqa.selenium.devtools.CdpVersionFinder findNearestMatch
WARNING: Unable to find CDP implementation matching 138
Tem 10, 2025 7:11:04 ÖÖ org.openqa.selenium.chromium.ChromiumDriver lambda$new$5
WARNING: Unable to find version of CDP to use for 138.0.7204.93. You may need to include a dependency on a specific version of the CDP using something similar to `org.seleniumhq.selenium:selenium-devtools-v86:4.22.0` where the version ("v86") matches the version of the chromium-based browser you're using and the version number of the artifact is the same as Selenium's.
]]></system-err>
  </testcase>
  <testcase name="Example #1.4" classname="Login test matrix" time="1.746">
    <system-out><![CDATA[
Scenario Outline: Login with different credential sets              &amp#27;[90m# features/login.feature:14&amp#27;[0m
  &amp#27;[32mGiven &amp#27;[0m&amp#27;[32mthe user is on the login page&amp#27;[0m                               &amp#27;[90m# net.alwaysdata.demo.steps.LoginSteps.theUserIsOnLoginPage()&amp#27;[0m
  &amp#27;[32mWhen &amp#27;[0m&amp#27;[32mthe user logs in with &amp#27;[0m&amp#27;[32m&amp#27;[1m"senem.turkaydin@ue-germany.de"&amp#27;[0m&amp#27;[32m and &amp#27;[0m&amp#27;[32m&amp#27;[1m""&amp#27;[0m &amp#27;[90m# net.alwaysdata.demo.steps.LoginSteps.theUserLogsIn(java.lang.String,java.lang.String)&amp#27;[0m
  &amp#27;[32mThen &amp#27;[0m&amp#27;[32mthe login should be &amp#27;[0m&amp#27;[32m&amp#27;[1m"fail"&amp#27;[0m                                   &amp#27;[90m# net.alwaysdata.demo.steps.LoginSteps.loginShouldBe(java.lang.String)&amp#27;[0m
]]></system-out>
    <system-err><![CDATA[Tem 10, 2025 7:11:06 ÖÖ org.openqa.selenium.devtools.CdpVersionFinder findNearestMatch
WARNING: Unable to find CDP implementation matching 138
Tem 10, 2025 7:11:06 ÖÖ org.openqa.selenium.chromium.ChromiumDriver lambda$new$5
WARNING: Unable to find version of CDP to use for 138.0.7204.93. You may need to include a dependency on a specific version of the CDP using something similar to `org.seleniumhq.selenium:selenium-devtools-v86:4.22.0` where the version ("v86") matches the version of the chromium-based browser you're using and the version number of the artifact is the same as Selenium's.
]]></system-err>
  </testcase>
  <testcase name="Example #1.5" classname="Login test matrix" time="1.713">
    <system-out><![CDATA[
Scenario Outline: Login with different credential sets &amp#27;[90m# features/login.feature:15&amp#27;[0m
  &amp#27;[32mGiven &amp#27;[0m&amp#27;[32mthe user is on the login page&amp#27;[0m                  &amp#27;[90m# net.alwaysdata.demo.steps.LoginSteps.theUserIsOnLoginPage()&amp#27;[0m
  &amp#27;[32mWhen &amp#27;[0m&amp#27;[32mthe user logs in with &amp#27;[0m&amp#27;[32m&amp#27;[1m""&amp#27;[0m&amp#27;[32m and &amp#27;[0m&amp#27;[32m&amp#27;[1m"STur_2025pass!"&amp#27;[0m   &amp#27;[90m# net.alwaysdata.demo.steps.LoginSteps.theUserLogsIn(java.lang.String,java.lang.String)&amp#27;[0m
  &amp#27;[32mThen &amp#27;[0m&amp#27;[32mthe login should be &amp#27;[0m&amp#27;[32m&amp#27;[1m"fail"&amp#27;[0m                      &amp#27;[90m# net.alwaysdata.demo.steps.LoginSteps.loginShouldBe(java.lang.String)&amp#27;[0m
]]></system-out>
    <system-err><![CDATA[Tem 10, 2025 7:11:08 ÖÖ org.openqa.selenium.devtools.CdpVersionFinder findNearestMatch
WARNING: Unable to find CDP implementation matching 138
Tem 10, 2025 7:11:08 ÖÖ org.openqa.selenium.chromium.ChromiumDriver lambda$new$5
WARNING: Unable to find version of CDP to use for 138.0.7204.93. You may need to include a dependency on a specific version of the CDP using something similar to `org.seleniumhq.selenium:selenium-devtools-v86:4.22.0` where the version ("v86") matches the version of the chromium-based browser you're using and the version number of the artifact is the same as Selenium's.
]]></system-err>
  </testcase>
  <testcase name="Example #1.6" classname="Login test matrix" time="1.766">
    <system-out><![CDATA[
Scenario Outline: Login with different credential sets       &amp#27;[90m# features/login.feature:16&amp#27;[0m
  &amp#27;[32mGiven &amp#27;[0m&amp#27;[32mthe user is on the login page&amp#27;[0m                        &amp#27;[90m# net.alwaysdata.demo.steps.LoginSteps.theUserIsOnLoginPage()&amp#27;[0m
  &amp#27;[32mWhen &amp#27;[0m&amp#27;[32mthe user logs in with &amp#27;[0m&amp#27;[32m&amp#27;[1m"' OR 1=1 --"&amp#27;[0m&amp#27;[32m and &amp#27;[0m&amp#27;[32m&amp#27;[1m"' OR 1=1 --"&amp#27;[0m &amp#27;[90m# net.alwaysdata.demo.steps.LoginSteps.theUserLogsIn(java.lang.String,java.lang.String)&amp#27;[0m
  &amp#27;[32mThen &amp#27;[0m&amp#27;[32mthe login should be &amp#27;[0m&amp#27;[32m&amp#27;[1m"fail"&amp#27;[0m                            &amp#27;[90m# net.alwaysdata.demo.steps.LoginSteps.loginShouldBe(java.lang.String)&amp#27;[0m
]]></system-out>
    <system-err><![CDATA[Tem 10, 2025 7:11:10 ÖÖ org.openqa.selenium.devtools.CdpVersionFinder findNearestMatch
WARNING: Unable to find CDP implementation matching 138
Tem 10, 2025 7:11:10 ÖÖ org.openqa.selenium.chromium.ChromiumDriver lambda$new$5
WARNING: Unable to find version of CDP to use for 138.0.7204.93. You may need to include a dependency on a specific version of the CDP using something similar to `org.seleniumhq.selenium:selenium-devtools-v86:4.22.0` where the version ("v86") matches the version of the chromium-based browser you're using and the version number of the artifact is the same as Selenium's.
]]></system-err>
  </testcase>
  <testcase name="Example #1.7" classname="Login test matrix" time="1.731">
    <system-out><![CDATA[
Scenario Outline: Login with different credential sets   &amp#27;[90m# features/login.feature:17&amp#27;[0m
  &amp#27;[32mGiven &amp#27;[0m&amp#27;[32mthe user is on the login page&amp#27;[0m                    &amp#27;[90m# net.alwaysdata.demo.steps.LoginSteps.theUserIsOnLoginPage()&amp#27;[0m
  &amp#27;[32mWhen &amp#27;[0m&amp#27;[32mthe user logs in with &amp#27;[0m&amp#27;[32m&amp#27;[1m"' or ''='"&amp#27;[0m&amp#27;[32m and &amp#27;[0m&amp#27;[32m&amp#27;[1m"' or ''='"&amp#27;[0m &amp#27;[90m# net.alwaysdata.demo.steps.LoginSteps.theUserLogsIn(java.lang.String,java.lang.String)&amp#27;[0m
  &amp#27;[32mThen &amp#27;[0m&amp#27;[32mthe login should be &amp#27;[0m&amp#27;[32m&amp#27;[1m"fail"&amp#27;[0m                        &amp#27;[90m# net.alwaysdata.demo.steps.LoginSteps.loginShouldBe(java.lang.String)&amp#27;[0m
]]></system-out>
    <system-err><![CDATA[Tem 10, 2025 7:11:11 ÖÖ org.openqa.selenium.devtools.CdpVersionFinder findNearestMatch
WARNING: Unable to find CDP implementation matching 138
Tem 10, 2025 7:11:11 ÖÖ org.openqa.selenium.chromium.ChromiumDriver lambda$new$5
WARNING: Unable to find version of CDP to use for 138.0.7204.93. You may need to include a dependency on a specific version of the CDP using something similar to `org.seleniumhq.selenium:selenium-devtools-v86:4.22.0` where the version ("v86") matches the version of the chromium-based browser you're using and the version number of the artifact is the same as Selenium's.
]]></system-err>
  </testcase>
  <testcase name="Example #1.8" classname="Login test matrix" time="1.739">
    <system-out><![CDATA[
Scenario Outline: Login with different credential sets             &amp#27;[90m# features/login.feature:18&amp#27;[0m
  &amp#27;[32mGiven &amp#27;[0m&amp#27;[32mthe user is on the login page&amp#27;[0m                              &amp#27;[90m# net.alwaysdata.demo.steps.LoginSteps.theUserIsOnLoginPage()&amp#27;[0m
  &amp#27;[32mWhen &amp#27;[0m&amp#27;[32mthe user logs in with &amp#27;[0m&amp#27;[32m&amp#27;[1m"admin@domain.com' --"&amp#27;[0m&amp#27;[32m and &amp#27;[0m&amp#27;[32m&amp#27;[1m"anything"&amp#27;[0m &amp#27;[90m# net.alwaysdata.demo.steps.LoginSteps.theUserLogsIn(java.lang.String,java.lang.String)&amp#27;[0m
  &amp#27;[32mThen &amp#27;[0m&amp#27;[32mthe login should be &amp#27;[0m&amp#27;[32m&amp#27;[1m"fail"&amp#27;[0m                                  &amp#27;[90m# net.alwaysdata.demo.steps.LoginSteps.loginShouldBe(java.lang.String)&amp#27;[0m
]]></system-out>
    <system-err><![CDATA[Tem 10, 2025 7:11:13 ÖÖ org.openqa.selenium.devtools.CdpVersionFinder findNearestMatch
WARNING: Unable to find CDP implementation matching 138
Tem 10, 2025 7:11:13 ÖÖ org.openqa.selenium.chromium.ChromiumDriver lambda$new$5
WARNING: Unable to find version of CDP to use for 138.0.7204.93. You may need to include a dependency on a specific version of the CDP using something similar to `org.seleniumhq.selenium:selenium-devtools-v86:4.22.0` where the version ("v86") matches the version of the chromium-based browser you're using and the version number of the artifact is the same as Selenium's.
]]></system-err>
  </testcase>
  <testcase name="Example #1.9" classname="Login test matrix" time="1.722">
    <system-out><![CDATA[
Scenario Outline: Login with different credential sets                                                          &amp#27;[90m# features/login.feature:19&amp#27;[0m
  &amp#27;[32mGiven &amp#27;[0m&amp#27;[32mthe user is on the login page&amp#27;[0m                                                                           &amp#27;[90m# net.alwaysdata.demo.steps.LoginSteps.theUserIsOnLoginPage()&amp#27;[0m
  &amp#27;[32mWhen &amp#27;[0m&amp#27;[32mthe user logs in with &amp#27;[0m&amp#27;[32m&amp#27;[1m"UNION SELECT creditCardNumber,1,'admin' FROM CreditCardTable --"&amp#27;[0m&amp#27;[32m and &amp#27;[0m&amp#27;[32m&amp#27;[1m"irrelevant"&amp#27;[0m &amp#27;[90m# net.alwaysdata.demo.steps.LoginSteps.theUserLogsIn(java.lang.String,java.lang.String)&amp#27;[0m
  &amp#27;[32mThen &amp#27;[0m&amp#27;[32mthe login should be &amp#27;[0m&amp#27;[32m&amp#27;[1m"fail"&amp#27;[0m                                                                               &amp#27;[90m# net.alwaysdata.demo.steps.LoginSteps.loginShouldBe(java.lang.String)&amp#27;[0m
]]></system-out>
    <system-err><![CDATA[Tem 10, 2025 7:11:15 ÖÖ org.openqa.selenium.devtools.CdpVersionFinder findNearestMatch
WARNING: Unable to find CDP implementation matching 138
Tem 10, 2025 7:11:15 ÖÖ org.openqa.selenium.chromium.ChromiumDriver lambda$new$5
WARNING: Unable to find version of CDP to use for 138.0.7204.93. You may need to include a dependency on a specific version of the CDP using something similar to `org.seleniumhq.selenium:selenium-devtools-v86:4.22.0` where the version ("v86") matches the version of the chromium-based browser you're using and the version number of the artifact is the same as Selenium's.
]]></system-err>
  </testcase>
  <testcase name="Example #1.10" classname="Login test matrix" time="1.786">
    <system-out><![CDATA[
Scenario Outline: Login with different credential sets                    &amp#27;[90m# features/login.feature:20&amp#27;[0m
  &amp#27;[32mGiven &amp#27;[0m&amp#27;[32mthe user is on the login page&amp#27;[0m                                     &amp#27;[90m# net.alwaysdata.demo.steps.LoginSteps.theUserIsOnLoginPage()&amp#27;[0m
  &amp#27;[32mWhen &amp#27;[0m&amp#27;[32mthe user logs in with &amp#27;[0m&amp#27;[32m&amp#27;[1m"admin@domain.com' AND SLEEP(5)--"&amp#27;[0m&amp#27;[32m and &amp#27;[0m&amp#27;[32m&amp#27;[1m"any"&amp#27;[0m &amp#27;[90m# net.alwaysdata.demo.steps.LoginSteps.theUserLogsIn(java.lang.String,java.lang.String)&amp#27;[0m
  &amp#27;[32mThen &amp#27;[0m&amp#27;[32mthe login should be &amp#27;[0m&amp#27;[32m&amp#27;[1m"fail"&amp#27;[0m                                         &amp#27;[90m# net.alwaysdata.demo.steps.LoginSteps.loginShouldBe(java.lang.String)&amp#27;[0m
]]></system-out>
    <system-err><![CDATA[Tem 10, 2025 7:11:17 ÖÖ org.openqa.selenium.devtools.CdpVersionFinder findNearestMatch
WARNING: Unable to find CDP implementation matching 138
Tem 10, 2025 7:11:17 ÖÖ org.openqa.selenium.chromium.ChromiumDriver lambda$new$5
WARNING: Unable to find version of CDP to use for 138.0.7204.93. You may need to include a dependency on a specific version of the CDP using something similar to `org.seleniumhq.selenium:selenium-devtools-v86:4.22.0` where the version ("v86") matches the version of the chromium-based browser you're using and the version number of the artifact is the same as Selenium's.
]]></system-err>
  </testcase>
  <testcase name="Example #1.11" classname="Login test matrix" time="1.721">
    <system-out><![CDATA[
Scenario Outline: Login with different credential sets    &amp#27;[90m# features/login.feature:21&amp#27;[0m
  &amp#27;[32mGiven &amp#27;[0m&amp#27;[32mthe user is on the login page&amp#27;[0m                     &amp#27;[90m# net.alwaysdata.demo.steps.LoginSteps.theUserIsOnLoginPage()&amp#27;[0m
  &amp#27;[32mWhen &amp#27;[0m&amp#27;[32mthe user logs in with &amp#27;[0m&amp#27;[32m&amp#27;[1m"' OR 1=1 --"&amp#27;[0m&amp#27;[32m and &amp#27;[0m&amp#27;[32m&amp#27;[1m"anything"&amp#27;[0m &amp#27;[90m# net.alwaysdata.demo.steps.LoginSteps.theUserLogsIn(java.lang.String,java.lang.String)&amp#27;[0m
  &amp#27;[32mThen &amp#27;[0m&amp#27;[32mthe login should be &amp#27;[0m&amp#27;[32m&amp#27;[1m"fail"&amp#27;[0m                         &amp#27;[90m# net.alwaysdata.demo.steps.LoginSteps.loginShouldBe(java.lang.String)&amp#27;[0m
]]></system-out>
    <system-err><![CDATA[Tem 10, 2025 7:11:18 ÖÖ org.openqa.selenium.devtools.CdpVersionFinder findNearestMatch
WARNING: Unable to find CDP implementation matching 138
Tem 10, 2025 7:11:18 ÖÖ org.openqa.selenium.chromium.ChromiumDriver lambda$new$5
WARNING: Unable to find version of CDP to use for 138.0.7204.93. You may need to include a dependency on a specific version of the CDP using something similar to `org.seleniumhq.selenium:selenium-devtools-v86:4.22.0` where the version ("v86") matches the version of the chromium-based browser you're using and the version number of the artifact is the same as Selenium's.
]]></system-err>
  </testcase>
  <testcase name="Example #1.12" classname="Login test matrix" time="1.761">
    <system-out><![CDATA[
Scenario Outline: Login with different credential sets       &amp#27;[90m# features/login.feature:22&amp#27;[0m
  &amp#27;[32mGiven &amp#27;[0m&amp#27;[32mthe user is on the login page&amp#27;[0m                        &amp#27;[90m# net.alwaysdata.demo.steps.LoginSteps.theUserIsOnLoginPage()&amp#27;[0m
  &amp#27;[32mWhen &amp#27;[0m&amp#27;[32mthe user logs in with &amp#27;[0m&amp#27;[32m&amp#27;[1m"' OR 1=1 --"&amp#27;[0m&amp#27;[32m and &amp#27;[0m&amp#27;[32m&amp#27;[1m"' OR 1=0 --"&amp#27;[0m &amp#27;[90m# net.alwaysdata.demo.steps.LoginSteps.theUserLogsIn(java.lang.String,java.lang.String)&amp#27;[0m
  &amp#27;[32mThen &amp#27;[0m&amp#27;[32mthe login should be &amp#27;[0m&amp#27;[32m&amp#27;[1m"fail"&amp#27;[0m                            &amp#27;[90m# net.alwaysdata.demo.steps.LoginSteps.loginShouldBe(java.lang.String)&amp#27;[0m
]]></system-out>
    <system-err><![CDATA[Tem 10, 2025 7:11:20 ÖÖ org.openqa.selenium.devtools.CdpVersionFinder findNearestMatch
WARNING: Unable to find CDP implementation matching 138
Tem 10, 2025 7:11:20 ÖÖ org.openqa.selenium.chromium.ChromiumDriver lambda$new$5
WARNING: Unable to find version of CDP to use for 138.0.7204.93. You may need to include a dependency on a specific version of the CDP using something similar to `org.seleniumhq.selenium:selenium-devtools-v86:4.22.0` where the version ("v86") matches the version of the chromium-based browser you're using and the version number of the artifact is the same as Selenium's.
]]></system-err>
  </testcase>
  <testcase name="Example #1.1" classname="Examples" time="1.893">
    <system-out><![CDATA[
Scenario Outline: Login and view student                                          &amp#27;[90m# features/student.feature:11&amp#27;[0m
  &amp#27;[32mGiven &amp#27;[0m&amp#27;[32mthe user is on the login page&amp#27;[0m                                             &amp#27;[90m# net.alwaysdata.demo.steps.LoginSteps.theUserIsOnLoginPage()&amp#27;[0m
  &amp#27;[32mWhen &amp#27;[0m&amp#27;[32mthe user logs in with &amp#27;[0m&amp#27;[32m&amp#27;[1m"senem.turkaydin@ue-germany.de"&amp#27;[0m&amp#27;[32m and &amp#27;[0m&amp#27;[32m&amp#27;[1m"STur_2025pass!"&amp#27;[0m &amp#27;[90m# net.alwaysdata.demo.steps.LoginSteps.theUserLogsIn(java.lang.String,java.lang.String)&amp#27;[0m
  &amp#27;[32mAnd &amp#27;[0m&amp#27;[32mthe user navigates to student view page with ID &amp#27;[0m&amp#27;[32m&amp#27;[1m3&amp#27;[0m                           &amp#27;[90m# net.alwaysdata.demo.steps.StudentSteps.theUserNavigatesToStudentViewPage(int)&amp#27;[0m
  &amp#27;[32mThen &amp#27;[0m&amp#27;[32mthe first list item should display ID &amp#27;[0m&amp#27;[32m&amp#27;[1m"User ID: 11"&amp#27;[0m                        &amp#27;[90m# net.alwaysdata.demo.steps.StudentSteps.theFirstListItemShouldDisplayId(java.lang.String)&amp#27;[0m
]]></system-out>
    <system-err><![CDATA[Tem 10, 2025 7:11:22 ÖÖ org.openqa.selenium.devtools.CdpVersionFinder findNearestMatch
WARNING: Unable to find CDP implementation matching 138
Tem 10, 2025 7:11:22 ÖÖ org.openqa.selenium.chromium.ChromiumDriver lambda$new$5
WARNING: Unable to find version of CDP to use for 138.0.7204.93. You may need to include a dependency on a specific version of the CDP using something similar to `org.seleniumhq.selenium:selenium-devtools-v86:4.22.0` where the version ("v86") matches the version of the chromium-based browser you're using and the version number of the artifact is the same as Selenium's.
]]></system-err>
  </testcase>
  <testcase name="Example #1.2" classname="Examples" time="1.835">
    <system-out><![CDATA[
Scenario Outline: Login and view student                                          &amp#27;[90m# features/student.feature:12&amp#27;[0m
  &amp#27;[32mGiven &amp#27;[0m&amp#27;[32mthe user is on the login page&amp#27;[0m                                             &amp#27;[90m# net.alwaysdata.demo.steps.LoginSteps.theUserIsOnLoginPage()&amp#27;[0m
  &amp#27;[32mWhen &amp#27;[0m&amp#27;[32mthe user logs in with &amp#27;[0m&amp#27;[32m&amp#27;[1m"senem.turkaydin@ue-germany.de"&amp#27;[0m&amp#27;[32m and &amp#27;[0m&amp#27;[32m&amp#27;[1m"STur_2025pass!"&amp#27;[0m &amp#27;[90m# net.alwaysdata.demo.steps.LoginSteps.theUserLogsIn(java.lang.String,java.lang.String)&amp#27;[0m
  &amp#27;[32mAnd &amp#27;[0m&amp#27;[32mthe user navigates to student view page with ID &amp#27;[0m&amp#27;[32m&amp#27;[1m4&amp#27;[0m                           &amp#27;[90m# net.alwaysdata.demo.steps.StudentSteps.theUserNavigatesToStudentViewPage(int)&amp#27;[0m
  &amp#27;[32mThen &amp#27;[0m&amp#27;[32mthe first list item should display ID &amp#27;[0m&amp#27;[32m&amp#27;[1m"User ID: 11"&amp#27;[0m                        &amp#27;[90m# net.alwaysdata.demo.steps.StudentSteps.theFirstListItemShouldDisplayId(java.lang.String)&amp#27;[0m
]]></system-out>
    <system-err><![CDATA[Tem 10, 2025 7:11:24 ÖÖ org.openqa.selenium.devtools.CdpVersionFinder findNearestMatch
WARNING: Unable to find CDP implementation matching 138
Tem 10, 2025 7:11:24 ÖÖ org.openqa.selenium.chromium.ChromiumDriver lambda$new$5
WARNING: Unable to find version of CDP to use for 138.0.7204.93. You may need to include a dependency on a specific version of the CDP using something similar to `org.seleniumhq.selenium:selenium-devtools-v86:4.22.0` where the version ("v86") matches the version of the chromium-based browser you're using and the version number of the artifact is the same as Selenium's.
]]></system-err>
  </testcase>
</testsuite>